current directory: /home/wataru1771/GoogleplayStore-swimmingschool/vendor\\bundle/ruby/3.1.0/gems/byebug-12.0.0/ext/byebug
/home/wataru1771/.rbenv/versions/3.1.6/bin/ruby -I /home/wataru1771/.rbenv/versions/3.1.6/lib/ruby/3.1.0 extconf.rb
creating Makefile

current directory: /home/wataru1771/GoogleplayStore-swimmingschool/vendor\\bundle/ruby/3.1.0/gems/byebug-12.0.0/ext/byebug
make DESTDIR\= sitearchdir\=./.gem.20251010-2319-mixxig sitelibdir\=./.gem.20251010-2319-mixxig clean

current directory: /home/wataru1771/GoogleplayStore-swimmingschool/vendor\\bundle/ruby/3.1.0/gems/byebug-12.0.0/ext/byebug
make DESTDIR\= sitearchdir\=./.gem.20251010-2319-mixxig sitelibdir\=./.gem.20251010-2319-mixxig
compiling breakpoint.c
compiling byebug.c
byebug.c: In function ‘check_started’:
byebug.c:69:1: warning: old-style function definition [-Wold-style-definition]
   69 | check_started()
      | ^~~~~~~~~~~~~
byebug.c: In function ‘Init_byebug’:
byebug.c:871:1: warning: old-style function definition [-Wold-style-definition]
  871 | Init_byebug()
      | ^~~~~~~~~~~
byebug.c: At top level:
cc1: note: unrecognized command-line option ‘-Wno-self-assign’ may have been intended to silence earlier diagnostics
cc1: note: unrecognized command-line option ‘-Wno-parentheses-equality’ may have been intended to silence earlier diagnostics
cc1: note: unrecognized command-line option ‘-Wno-constant-logical-operand’ may have been intended to silence earlier diagnostics
compiling context.c
compiling locker.c
locker.c: In function ‘byebug_pop_from_locked’:
locker.c:53:1: warning: old-style function definition [-Wold-style-definition]
   53 | byebug_pop_from_locked()
      | ^~~~~~~~~~~~~~~~~~~~~~
locker.c: At top level:
cc1: note: unrecognized command-line option ‘-Wno-self-assign’ may have been intended to silence earlier diagnostics
cc1: note: unrecognized command-line option ‘-Wno-parentheses-equality’ may have been intended to silence earlier diagnostics
cc1: note: unrecognized command-line option ‘-Wno-constant-logical-operand’ may have been intended to silence earlier diagnostics
compiling threads.c
linking shared-object byebug/byebug.so

current directory: /home/wataru1771/GoogleplayStore-swimmingschool/vendor\\bundle/ruby/3.1.0/gems/byebug-12.0.0/ext/byebug
make DESTDIR\= sitearchdir\=./.gem.20251010-2319-mixxig sitelibdir\=./.gem.20251010-2319-mixxig install
/usr/bin/install -c -m 0755 byebug.so ./.gem.20251010-2319-mixxig/byebug
