current directory: /home/wataru1771/GoogleplayStore-swimmingschool/vendor\\bundle/ruby/3.1.0/gems/io-console-0.8.0/ext/io/console
/home/wataru1771/.rbenv/versions/3.1.6/bin/ruby -I /home/wataru1771/.rbenv/versions/3.1.6/lib/ruby/3.1.0 extconf.rb
checking for rb_syserr_fail_str(0, Qnil)... yes
checking for rb_interned_str_cstr()... yes
checking for rb_io_path()... no
checking for rb_io_descriptor()... yes
checking for rb_io_get_write_io()... yes
checking for rb_io_closed_p()... no
checking for rb_io_open_descriptor()... no
checking for rb_ractor_local_storage_value_newkey()... yes
checking for termios.h... yes
checking for cfmakeraw() in termios.h... yes
checking for sys/ioctl.h... yes
checking for HAVE_RUBY_FIBER_SCHEDULER_H... yes
checking for ttyname_r()... yes
creating Makefile

current directory: /home/wataru1771/GoogleplayStore-swimmingschool/vendor\\bundle/ruby/3.1.0/gems/io-console-0.8.0/ext/io/console
make DESTDIR\= sitearchdir\=./.gem.20251010-2319-zvq2tl sitelibdir\=./.gem.20251010-2319-zvq2tl clean

current directory: /home/wataru1771/GoogleplayStore-swimmingschool/vendor\\bundle/ruby/3.1.0/gems/io-console-0.8.0/ext/io/console
make DESTDIR\= sitearchdir\=./.gem.20251010-2319-zvq2tl sitelibdir\=./.gem.20251010-2319-zvq2tl
compiling console.c
linking shared-object io/console.so

current directory: /home/wataru1771/GoogleplayStore-swimmingschool/vendor\\bundle/ruby/3.1.0/gems/io-console-0.8.0/ext/io/console
make DESTDIR\= sitearchdir\=./.gem.20251010-2319-zvq2tl sitelibdir\=./.gem.20251010-2319-zvq2tl install
/usr/bin/install -c -m 0755 console.so ./.gem.20251010-2319-zvq2tl/io
