current directory: /home/wataru1771/GoogleplayStore-swimmingschool/vendor\\bundle/ruby/3.1.0/gems/psych-5.2.6/ext/psych
/home/wataru1771/.rbenv/versions/3.1.6/bin/ruby -I /home/wataru1771/.rbenv/versions/3.1.6/lib/ruby/3.1.0 extconf.rb
checking for yaml.h... yes
checking for yaml_get_version() in -lyaml... yes
creating Makefile

current directory: /home/wataru1771/GoogleplayStore-swimmingschool/vendor\\bundle/ruby/3.1.0/gems/psych-5.2.6/ext/psych
make DESTDIR\= sitearchdir\=./.gem.20251016-16635-y74adl sitelibdir\=./.gem.20251016-16635-y74adl clean
cd libyaml && make clean
/bin/sh: 1: cd: can't cd to libyaml
make: [Makefile:282: clean-so] Error 2 (ignored)

current directory: /home/wataru1771/GoogleplayStore-swimmingschool/vendor\\bundle/ruby/3.1.0/gems/psych-5.2.6/ext/psych
make DESTDIR\= sitearchdir\=./.gem.20251016-16635-y74adl sitelibdir\=./.gem.20251016-16635-y74adl
compiling psych.c
compiling psych_emitter.c
compiling psych_parser.c
compiling psych_to_ruby.c
compiling psych_yaml_tree.c
linking shared-object psych.so

current directory: /home/wataru1771/GoogleplayStore-swimmingschool/vendor\\bundle/ruby/3.1.0/gems/psych-5.2.6/ext/psych
make DESTDIR\= sitearchdir\=./.gem.20251016-16635-y74adl sitelibdir\=./.gem.20251016-16635-y74adl install
/usr/bin/install -c -m 0755 psych.so ./.gem.20251016-16635-y74adl
